<?xml version="1.0" encoding="UTF-8" standalone="no"?>
<!DOCTYPE log SYSTEM "logger.dtd">
<log>
<record>
  <date>2022-06-13T13:54:41.274-0300</date>
  <logger>ITALO MATHEUS DE ARAUJO RAMALHO</logger>
  <level>FINE</level>
  <message>File 121110612-ITALO MATHEUS DE ARAUJO RAMALHO.zip was received. It was sent by ITALO MATHEUS DE ARAUJO RAMALHO from IP 172.29.14.103 at 13-06-2022 13*54*41</message>
</record>
</log>
<?xml version="1.0" encoding="UTF-8" standalone="no"?>
<!DOCTYPE log SYSTEM "logger.dtd">
<log>
<record>
  <date>2022-06-13T14:59:01.564-0300</date>
  <logger>ITALO MATHEUS DE ARAUJO RAMALHO</logger>
  <level>FINE</level>
  <message>File 121110612-ITALO MATHEUS DE ARAUJO RAMALHO.zip was received. It was sent by ITALO MATHEUS DE ARAUJO RAMALHO from IP 172.29.14.103 at 13-06-2022 14*59*01</message>
</record>
</log>
<?xml version="1.0" encoding="UTF-8" standalone="no"?>
<!DOCTYPE log SYSTEM "logger.dtd">
<log>
<record>
  <date>2022-06-13T15:18:55.575-0300</date>
  <logger>ITALO MATHEUS DE ARAUJO RAMALHO</logger>
  <level>FINE</level>
  <message>File 121110612-ITALO MATHEUS DE ARAUJO RAMALHO.zip was received. It was sent by ITALO MATHEUS DE ARAUJO RAMALHO from IP 172.29.14.103 at 13-06-2022 15*18*55</message>
</record>
</log>
<?xml version="1.0" encoding="UTF-8" standalone="no"?>
<!DOCTYPE log SYSTEM "logger.dtd">
<log>
<record>
  <date>2022-06-13T21:18:41.245-0300</date>
  <logger>ITALO MATHEUS DE ARAUJO RAMALHO</logger>
  <level>FINE</level>
  <message>File 121110612-ITALO MATHEUS DE ARAUJO RAMALHO.zip was received. It was sent by ITALO MATHEUS DE ARAUJO RAMALHO from IP 172.29.2.21 at 13-06-2022 21*18*41</message>
</record>
